Reading netlist file: "H:\git\Pmod_7Seg\sample\6digit7seg\impl\gwsynthesis\6digit7seg.vg"
Parsing netlist file "H:\git\Pmod_7Seg\sample\6digit7seg\impl\gwsynthesis\6digit7seg.vg" completed
Processing netlist completed
Reading constraint file: "H:\git\Pmod_7Seg\sample\6digit7seg\src\7seg.cst"
Physical Constraint parsed completed
Running placement......
[10%] Placement Phase 0 completed
[20%] Placement Phase 1 completed
[30%] Placement Phase 2 completed
[50%] Placement Phase 3 completed
Running routing......
[60%] Routing Phase 0 completed
[70%] Routing Phase 1 completed
[80%] Routing Phase 2 completed
[90%] Routing Phase 3 completed
Running timing analysis......
[95%] Timing analysis completed
Placement and routing completed
Bitstream generation in progress......
Bitstream generation completed
Running power analysis......
[100%] Power analysis completed
Generate file "H:\git\Pmod_7Seg\sample\6digit7seg\impl\pnr\6digit7seg.power.html" completed
Generate file "H:\git\Pmod_7Seg\sample\6digit7seg\impl\pnr\6digit7seg.pin.html" completed
Generate file "H:\git\Pmod_7Seg\sample\6digit7seg\impl\pnr\6digit7seg.rpt.html" completed
Generate file "H:\git\Pmod_7Seg\sample\6digit7seg\impl\pnr\6digit7seg.rpt.txt" completed
Generate file "H:\git\Pmod_7Seg\sample\6digit7seg\impl\pnr\6digit7seg.tr.html" completed
Fri May 26 01:54:25 2023

